CRITICAL - 2022-11-25 15:28:30 --> Undefined property: App\Modules\Auth\Libraries\IonAuth::$first_name
in APPPATH\Helpers\app_helper.php on line 31.
 1 APPPATH\Helpers\app_helper.php(31): CodeIgniter\Debug\Exceptions->errorHandler(8, 'Undefined property: App\\Modules\\Auth\\Libraries\\IonAuth::$first_name', 'APPPATH\\Helpers\\app_helper.php', 31, [...])
 2 APPPATH\Modules\Dashboard\Views\cms\dashboard.php(6): getUsername()
 3 SYSTEMPATH\View\View.php(213): include('APPPATH\\Modules\\Dashboard\\Views\\cms\\dashboard.php')
 4 SYSTEMPATH\View\View.php(216): CodeIgniter\View\View->CodeIgniter\View\{closure}()
 5 SYSTEMPATH\Common.php(1134): CodeIgniter\View\View->render('Modules\\Dashboard\\Views\\cms/dashboard', [], true)
 6 APPPATH\Modules\Dashboard\Controllers\Dashboard.php(24): view('Modules\\Dashboard\\Views\\cms/dashboard', [...])
 7 SYSTEMPATH\CodeIgniter.php(927): App\Modules\Dashboard\Controllers\Dashboard->index()
 8 SYSTEMPATH\CodeIgniter.php(482): CodeIgniter\CodeIgniter->runController(Object(App\Modules\Dashboard\Controllers\Dashboard))
 9 SYSTEMPATH\CodeIgniter.php(351): CodeIgniter\CodeIgniter->handleRequest(null, Object(Config\Cache), false)
10 FCPATH\index.php(67): CodeIgniter\CodeIgniter->run()
11 SYSTEMPATH\Commands\Server\rewrite.php(46): require_once('FCPATH\\index.php')
CRITICAL - 2022-11-25 16:25:19 --> Maximum execution time of 60 seconds exceeded
in SYSTEMPATH\Debug\Exceptions.php on line 153.
 1 [internal function]: CodeIgniter\Debug\Exceptions->shutdownHandler()
CRITICAL - 2022-11-25 16:26:55 --> Maximum execution time of 60 seconds exceeded
in SYSTEMPATH\Debug\Exceptions.php on line 153.
 1 [internal function]: CodeIgniter\Debug\Exceptions->shutdownHandler()
CRITICAL - 2022-11-25 16:35:19 --> Maximum execution time of 60 seconds exceeded
in SYSTEMPATH\Debug\Exceptions.php on line 153.
 1 [internal function]: CodeIgniter\Debug\Exceptions->shutdownHandler()
CRITICAL - 2022-11-25 16:36:46 --> Maximum execution time of 60 seconds exceeded
in SYSTEMPATH\Debug\Exceptions.php on line 153.
 1 [internal function]: CodeIgniter\Debug\Exceptions->shutdownHandler()
CRITICAL - 2022-11-25 16:42:57 --> Array to string conversion
in APPPATH\Modules\Dashboard\Views\_menu.php on line 114.
 1 APPPATH\Modules\Dashboard\Views\_menu.php(114): CodeIgniter\Debug\Exceptions->errorHandler(8, 'Array to string conversion', 'APPPATH\\Modules\\Dashboard\\Views\\_menu.php', 114, [...])
 2 SYSTEMPATH\View\View.php(213): include('APPPATH\\Modules\\Dashboard\\Views\\_menu.php')
 3 SYSTEMPATH\View\View.php(216): CodeIgniter\View\View->CodeIgniter\View\{closure}()
 4 SYSTEMPATH\View\View.php(431): CodeIgniter\View\View->render('Modules\\Dashboard\\Views\\_menu', null, true)
 5 APPPATH\Modules\Dashboard\Views\_layouts.php(61): CodeIgniter\View\View->include('Modules\\Dashboard\\Views\\_menu')
 6 SYSTEMPATH\View\View.php(213): include('APPPATH\\Modules\\Dashboard\\Views\\_layouts.php')
 7 SYSTEMPATH\View\View.php(216): CodeIgniter\View\View->CodeIgniter\View\{closure}()
 8 SYSTEMPATH\View\View.php(229): CodeIgniter\View\View->render('Modules\\Dashboard\\Views\\_layouts', [], true)
 9 SYSTEMPATH\Common.php(1134): CodeIgniter\View\View->render('Modules\\Dashboard\\Views\\cms/dashboard', [], true)
10 APPPATH\Modules\Dashboard\Controllers\Dashboard.php(23): view('Modules\\Dashboard\\Views\\cms/dashboard', [...])
11 SYSTEMPATH\CodeIgniter.php(927): App\Modules\Dashboard\Controllers\Dashboard->index()
12 SYSTEMPATH\CodeIgniter.php(482): CodeIgniter\CodeIgniter->runController(Object(App\Modules\Dashboard\Controllers\Dashboard))
13 SYSTEMPATH\CodeIgniter.php(351): CodeIgniter\CodeIgniter->handleRequest(null, Object(Config\Cache), false)
14 FCPATH\index.php(67): CodeIgniter\CodeIgniter->run()
15 SYSTEMPATH\Commands\Server\rewrite.php(46): require_once('FCPATH\\index.php')
