CRITICAL - 2022-11-22 10:50:10 --> Admin filter must have a matching alias defined.
in SYSTEMPATH\Filters\Filters.php on line 340.
 1 SYSTEMPATH\Filters\Filters.php(340): CodeIgniter\Filters\Exceptions\FilterException::forNoAlias('Admin')
 2 SYSTEMPATH\CodeIgniter.php(446): CodeIgniter\Filters\Filters->enableFilter('Admin', 'before')
 3 SYSTEMPATH\CodeIgniter.php(351): CodeIgniter\CodeIgniter->handleRequest(null, Object(Config\Cache), false)
 4 FCPATH\index.php(67): CodeIgniter\CodeIgniter->run()
 5 SYSTEMPATH\Commands\Server\rewrite.php(46): require_once('FCPATH\\index.php')
CRITICAL - 2022-11-22 11:34:07 --> Admin filter must have a matching alias defined.
in SYSTEMPATH\Filters\Filters.php on line 340.
 1 SYSTEMPATH\Filters\Filters.php(340): CodeIgniter\Filters\Exceptions\FilterException::forNoAlias('Admin')
 2 SYSTEMPATH\CodeIgniter.php(446): CodeIgniter\Filters\Filters->enableFilter('Admin', 'before')
 3 SYSTEMPATH\CodeIgniter.php(351): CodeIgniter\CodeIgniter->handleRequest(null, Object(Config\Cache), false)
 4 FCPATH\index.php(67): CodeIgniter\CodeIgniter->run()
 5 SYSTEMPATH\Commands\Server\rewrite.php(46): require_once('FCPATH\\index.php')
CRITICAL - 2022-11-22 11:35:44 --> Call to undefined function panelview()
in APPPATH\Modules\Auth\Views\auth\index.php on line 1.
 1 SYSTEMPATH\View\View.php(213): include()
 2 SYSTEMPATH\View\View.php(216): CodeIgniter\View\View->CodeIgniter\View\{closure}()
 3 SYSTEMPATH\Common.php(1134): CodeIgniter\View\View->render('IonAuth\\Views\\auth\\index', [], true)
 4 APPPATH\Modules\Auth\Controllers\Auth.php(869): view('IonAuth\\Views\\auth\\index', [...])
 5 APPPATH\Modules\Auth\Controllers\Auth.php(116): App\Modules\Auth\Controllers\Auth->renderPage('IonAuth\\Views\\auth\\index', [...])
 6 SYSTEMPATH\CodeIgniter.php(927): App\Modules\Auth\Controllers\Auth->index()
 7 SYSTEMPATH\CodeIgniter.php(482): CodeIgniter\CodeIgniter->runController(Object(App\Modules\Auth\Controllers\Auth))
 8 SYSTEMPATH\CodeIgniter.php(351): CodeIgniter\CodeIgniter->handleRequest(null, Object(Config\Cache), false)
 9 FCPATH\index.php(67): CodeIgniter\CodeIgniter->run()
10 SYSTEMPATH\Commands\Server\rewrite.php(46): require_once('FCPATH\\index.php')
CRITICAL - 2022-11-22 11:36:31 --> Call to undefined function breadcrumb()
in APPPATH\Modules\Auth\Views\auth\index.php on line 13.
 1 SYSTEMPATH\View\View.php(213): include()
 2 SYSTEMPATH\View\View.php(216): CodeIgniter\View\View->CodeIgniter\View\{closure}()
 3 SYSTEMPATH\Common.php(1134): CodeIgniter\View\View->render('IonAuth\\Views\\auth\\index', [], true)
 4 APPPATH\Modules\Auth\Controllers\Auth.php(869): view('IonAuth\\Views\\auth\\index', [...])
 5 APPPATH\Modules\Auth\Controllers\Auth.php(116): App\Modules\Auth\Controllers\Auth->renderPage('IonAuth\\Views\\auth\\index', [...])
 6 SYSTEMPATH\CodeIgniter.php(927): App\Modules\Auth\Controllers\Auth->index()
 7 SYSTEMPATH\CodeIgniter.php(482): CodeIgniter\CodeIgniter->runController(Object(App\Modules\Auth\Controllers\Auth))
 8 SYSTEMPATH\CodeIgniter.php(351): CodeIgniter\CodeIgniter->handleRequest(null, Object(Config\Cache), false)
 9 FCPATH\index.php(67): CodeIgniter\CodeIgniter->run()
10 SYSTEMPATH\Commands\Server\rewrite.php(46): require_once('FCPATH\\index.php')
CRITICAL - 2022-11-22 11:38:13 --> Invalid file: Modules\Dashboard\Views\_layout.php
in SYSTEMPATH\Exceptions\FrameworkException.php on line 33.
 1 SYSTEMPATH\View\View.php(201): CodeIgniter\Exceptions\FrameworkException::forInvalidFile('Modules\\Dashboard\\Views\\_layout.php')
 2 SYSTEMPATH\View\View.php(229): CodeIgniter\View\View->render('Modules\\Dashboard\\Views\\_layout', [], true)
 3 SYSTEMPATH\Common.php(1134): CodeIgniter\View\View->render('IonAuth\\Views\\auth\\index', [], true)
 4 APPPATH\Modules\Auth\Controllers\Auth.php(869): view('IonAuth\\Views\\auth\\index', [...])
 5 APPPATH\Modules\Auth\Controllers\Auth.php(116): App\Modules\Auth\Controllers\Auth->renderPage('IonAuth\\Views\\auth\\index', [...])
 6 SYSTEMPATH\CodeIgniter.php(927): App\Modules\Auth\Controllers\Auth->index()
 7 SYSTEMPATH\CodeIgniter.php(482): CodeIgniter\CodeIgniter->runController(Object(App\Modules\Auth\Controllers\Auth))
 8 SYSTEMPATH\CodeIgniter.php(351): CodeIgniter\CodeIgniter->handleRequest(null, Object(Config\Cache), false)
 9 FCPATH\index.php(67): CodeIgniter\CodeIgniter->run()
10 SYSTEMPATH\Commands\Server\rewrite.php(46): require_once('FCPATH\\index.php')
CRITICAL - 2022-11-22 11:39:08 --> Invalid file: Modules\Dashboard\Views\_layout.php
in SYSTEMPATH\Exceptions\FrameworkException.php on line 33.
 1 SYSTEMPATH\View\View.php(201): CodeIgniter\Exceptions\FrameworkException::forInvalidFile('Modules\\Dashboard\\Views\\_layout.php')
 2 SYSTEMPATH\View\View.php(229): CodeIgniter\View\View->render('Modules\\Dashboard\\Views\\_layout', [], true)
 3 SYSTEMPATH\Common.php(1134): CodeIgniter\View\View->render('IonAuth\\Views\\auth\\index', [], true)
 4 APPPATH\Modules\Auth\Controllers\Auth.php(869): view('IonAuth\\Views\\auth\\index', [...])
 5 APPPATH\Modules\Auth\Controllers\Auth.php(116): App\Modules\Auth\Controllers\Auth->renderPage('IonAuth\\Views\\auth\\index', [...])
 6 SYSTEMPATH\CodeIgniter.php(927): App\Modules\Auth\Controllers\Auth->index()
 7 SYSTEMPATH\CodeIgniter.php(482): CodeIgniter\CodeIgniter->runController(Object(App\Modules\Auth\Controllers\Auth))
 8 SYSTEMPATH\CodeIgniter.php(351): CodeIgniter\CodeIgniter->handleRequest(null, Object(Config\Cache), false)
 9 FCPATH\index.php(67): CodeIgniter\CodeIgniter->run()
10 SYSTEMPATH\Commands\Server\rewrite.php(46): require_once('FCPATH\\index.php')
CRITICAL - 2022-11-22 11:39:10 --> Invalid file: Modules\Dashboard\Views\_layout.php
in SYSTEMPATH\Exceptions\FrameworkException.php on line 33.
 1 SYSTEMPATH\View\View.php(201): CodeIgniter\Exceptions\FrameworkException::forInvalidFile('Modules\\Dashboard\\Views\\_layout.php')
 2 SYSTEMPATH\View\View.php(229): CodeIgniter\View\View->render('Modules\\Dashboard\\Views\\_layout', [], true)
 3 SYSTEMPATH\Common.php(1134): CodeIgniter\View\View->render('IonAuth\\Views\\auth\\index', [], true)
 4 APPPATH\Modules\Auth\Controllers\Auth.php(869): view('IonAuth\\Views\\auth\\index', [...])
 5 APPPATH\Modules\Auth\Controllers\Auth.php(116): App\Modules\Auth\Controllers\Auth->renderPage('IonAuth\\Views\\auth\\index', [...])
 6 SYSTEMPATH\CodeIgniter.php(927): App\Modules\Auth\Controllers\Auth->index()
 7 SYSTEMPATH\CodeIgniter.php(482): CodeIgniter\CodeIgniter->runController(Object(App\Modules\Auth\Controllers\Auth))
 8 SYSTEMPATH\CodeIgniter.php(351): CodeIgniter\CodeIgniter->handleRequest(null, Object(Config\Cache), false)
 9 FCPATH\index.php(67): CodeIgniter\CodeIgniter->run()
10 SYSTEMPATH\Commands\Server\rewrite.php(46): require_once('FCPATH\\index.php')
CRITICAL - 2022-11-22 11:39:12 --> Invalid file: Modules\Dashboard\Views\_layout.php
in SYSTEMPATH\Exceptions\FrameworkException.php on line 33.
 1 SYSTEMPATH\View\View.php(201): CodeIgniter\Exceptions\FrameworkException::forInvalidFile('Modules\\Dashboard\\Views\\_layout.php')
 2 SYSTEMPATH\View\View.php(229): CodeIgniter\View\View->render('Modules\\Dashboard\\Views\\_layout', [], true)
 3 SYSTEMPATH\Common.php(1134): CodeIgniter\View\View->render('IonAuth\\Views\\auth\\index', [], true)
 4 APPPATH\Modules\Auth\Controllers\Auth.php(869): view('IonAuth\\Views\\auth\\index', [...])
 5 APPPATH\Modules\Auth\Controllers\Auth.php(116): App\Modules\Auth\Controllers\Auth->renderPage('IonAuth\\Views\\auth\\index', [...])
 6 SYSTEMPATH\CodeIgniter.php(927): App\Modules\Auth\Controllers\Auth->index()
 7 SYSTEMPATH\CodeIgniter.php(482): CodeIgniter\CodeIgniter->runController(Object(App\Modules\Auth\Controllers\Auth))
 8 SYSTEMPATH\CodeIgniter.php(351): CodeIgniter\CodeIgniter->handleRequest(null, Object(Config\Cache), false)
 9 FCPATH\index.php(67): CodeIgniter\CodeIgniter->run()
10 SYSTEMPATH\Commands\Server\rewrite.php(46): require_once('FCPATH\\index.php')
CRITICAL - 2022-11-22 11:40:14 --> Invalid file: Modules\Dashboard\Views\_layout.php
in SYSTEMPATH\Exceptions\FrameworkException.php on line 33.
 1 SYSTEMPATH\View\View.php(201): CodeIgniter\Exceptions\FrameworkException::forInvalidFile('Modules\\Dashboard\\Views\\_layout.php')
 2 SYSTEMPATH\View\View.php(229): CodeIgniter\View\View->render('Modules\\Dashboard\\Views\\_layout', [], true)
 3 SYSTEMPATH\Common.php(1134): CodeIgniter\View\View->render('IonAuth\\Views\\auth\\index', [], true)
 4 APPPATH\Modules\Auth\Controllers\Auth.php(869): view('IonAuth\\Views\\auth\\index', [...])
 5 APPPATH\Modules\Auth\Controllers\Auth.php(116): App\Modules\Auth\Controllers\Auth->renderPage('IonAuth\\Views\\auth\\index', [...])
 6 SYSTEMPATH\CodeIgniter.php(927): App\Modules\Auth\Controllers\Auth->index()
 7 SYSTEMPATH\CodeIgniter.php(482): CodeIgniter\CodeIgniter->runController(Object(App\Modules\Auth\Controllers\Auth))
 8 SYSTEMPATH\CodeIgniter.php(351): CodeIgniter\CodeIgniter->handleRequest(null, Object(Config\Cache), false)
 9 FCPATH\index.php(67): CodeIgniter\CodeIgniter->run()
10 SYSTEMPATH\Commands\Server\rewrite.php(46): require_once('FCPATH\\index.php')
CRITICAL - 2022-11-22 12:00:06 --> Argument 1 passed to App\Modules\Auth\Models\IonAuthModel::getUsersGroups() must be of the type int, null given, called in C:\Users\Windows\Desktop\new odhie template\app\Modules\Auth\Models\IonAuthModel.php on line 1478
in APPPATH\Modules\Auth\Models\IonAuthModel.php on line 1441.
 1 APPPATH\Modules\Auth\Models\IonAuthModel.php(1478): App\Modules\Auth\Models\IonAuthModel->getUsersGroups(null)
 2 [internal function]: App\Modules\Auth\Models\IonAuthModel->inGroup([...])
 3 APPPATH\Modules\Auth\Libraries\IonAuth.php(101): call_user_func_array([...], [...])
 4 APPPATH\Filters\Admin.php(15): App\Modules\Auth\Libraries\IonAuth->__call('inGroup', [...])
 5 SYSTEMPATH\Filters\Filters.php(173): App\Filters\Admin->before(Object(CodeIgniter\HTTP\IncomingRequest), null)
 6 SYSTEMPATH\CodeIgniter.php(455): CodeIgniter\Filters\Filters->run('auth', 'before')
 7 SYSTEMPATH\CodeIgniter.php(351): CodeIgniter\CodeIgniter->handleRequest(null, Object(Config\Cache), false)
 8 FCPATH\index.php(67): CodeIgniter\CodeIgniter->run()
 9 SYSTEMPATH\Commands\Server\rewrite.php(46): require_once('FCPATH\\index.php')
CRITICAL - 2022-11-22 13:24:54 --> Call to undefined function App\Modules\Auth\Controllers\superadmin()
in APPPATH\Modules\Auth\Controllers\Auth.php on line 610.
 1 SYSTEMPATH\CodeIgniter.php(927): App\Modules\Auth\Controllers\Auth->edit_user(13)
 2 SYSTEMPATH\CodeIgniter.php(482): CodeIgniter\CodeIgniter->runController(Object(App\Modules\Auth\Controllers\Auth))
 3 SYSTEMPATH\CodeIgniter.php(351): CodeIgniter\CodeIgniter->handleRequest(null, Object(Config\Cache), false)
 4 FCPATH\index.php(67): CodeIgniter\CodeIgniter->run()
 5 SYSTEMPATH\Commands\Server\rewrite.php(46): require_once('FCPATH\\index.php')
CRITICAL - 2022-11-22 13:29:09 --> Call to undefined function App\Modules\Auth\Controllers\superadmin()
in APPPATH\Modules\Auth\Controllers\Auth.php on line 610.
 1 SYSTEMPATH\CodeIgniter.php(927): App\Modules\Auth\Controllers\Auth->edit_user(13)
 2 SYSTEMPATH\CodeIgniter.php(482): CodeIgniter\CodeIgniter->runController(Object(App\Modules\Auth\Controllers\Auth))
 3 SYSTEMPATH\CodeIgniter.php(351): CodeIgniter\CodeIgniter->handleRequest(null, Object(Config\Cache), false)
 4 FCPATH\index.php(67): CodeIgniter\CodeIgniter->run()
 5 SYSTEMPATH\Commands\Server\rewrite.php(46): require_once('FCPATH\\index.php')
CRITICAL - 2022-11-22 13:30:54 --> Call to undefined function breadcrumb()
in APPPATH\Modules\Auth\Views\auth\edit_user.php on line 20.
 1 SYSTEMPATH\View\View.php(213): include()
 2 SYSTEMPATH\View\View.php(216): CodeIgniter\View\View->CodeIgniter\View\{closure}()
 3 SYSTEMPATH\Common.php(1134): CodeIgniter\View\View->render('IonAuth\\Views\\auth\\edit_user', [], true)
 4 APPPATH\Modules\Auth\Controllers\Auth.php(869): view('IonAuth\\Views\\auth\\edit_user', [...])
 5 APPPATH\Modules\Auth\Controllers\Auth.php(738): App\Modules\Auth\Controllers\Auth->renderPage('IonAuth\\Views\\auth\\edit_user', [...])
 6 SYSTEMPATH\CodeIgniter.php(927): App\Modules\Auth\Controllers\Auth->edit_user(13)
 7 SYSTEMPATH\CodeIgniter.php(482): CodeIgniter\CodeIgniter->runController(Object(App\Modules\Auth\Controllers\Auth))
 8 SYSTEMPATH\CodeIgniter.php(351): CodeIgniter\CodeIgniter->handleRequest(null, Object(Config\Cache), false)
 9 FCPATH\index.php(67): CodeIgniter\CodeIgniter->run()
10 SYSTEMPATH\Commands\Server\rewrite.php(46): require_once('FCPATH\\index.php')
CRITICAL - 2022-11-22 13:32:24 --> Call to undefined function breadcrumb()
in APPPATH\Modules\Auth\Views\auth\edit_user.php on line 20.
 1 SYSTEMPATH\View\View.php(213): include()
 2 SYSTEMPATH\View\View.php(216): CodeIgniter\View\View->CodeIgniter\View\{closure}()
 3 SYSTEMPATH\Common.php(1134): CodeIgniter\View\View->render('IonAuth\\Views\\auth\\edit_user', [], true)
 4 APPPATH\Modules\Auth\Controllers\Auth.php(869): view('IonAuth\\Views\\auth\\edit_user', [...])
 5 APPPATH\Modules\Auth\Controllers\Auth.php(738): App\Modules\Auth\Controllers\Auth->renderPage('IonAuth\\Views\\auth\\edit_user', [...])
 6 SYSTEMPATH\CodeIgniter.php(927): App\Modules\Auth\Controllers\Auth->edit_user(13)
 7 SYSTEMPATH\CodeIgniter.php(482): CodeIgniter\CodeIgniter->runController(Object(App\Modules\Auth\Controllers\Auth))
 8 SYSTEMPATH\CodeIgniter.php(351): CodeIgniter\CodeIgniter->handleRequest(null, Object(Config\Cache), false)
 9 FCPATH\index.php(67): CodeIgniter\CodeIgniter->run()
10 SYSTEMPATH\Commands\Server\rewrite.php(46): require_once('FCPATH\\index.php')
CRITICAL - 2022-11-22 13:32:28 --> Undefined variable: users
in APPPATH\Modules\Auth\Views\auth\edit_user.php on line 32.
 1 APPPATH\Modules\Auth\Views\auth\edit_user.php(32): CodeIgniter\Debug\Exceptions->errorHandler(8, 'Undefined variable: users', 'APPPATH\\Modules\\Auth\\Views\\auth\\edit_user.php', 32, [...])
 2 SYSTEMPATH\View\View.php(213): include('APPPATH\\Modules\\Auth\\Views\\auth\\edit_user.php')
 3 SYSTEMPATH\View\View.php(216): CodeIgniter\View\View->CodeIgniter\View\{closure}()
 4 SYSTEMPATH\Common.php(1134): CodeIgniter\View\View->render('IonAuth\\Views\\auth\\edit_user', [], true)
 5 APPPATH\Modules\Auth\Controllers\Auth.php(869): view('IonAuth\\Views\\auth\\edit_user', [...])
 6 APPPATH\Modules\Auth\Controllers\Auth.php(738): App\Modules\Auth\Controllers\Auth->renderPage('IonAuth\\Views\\auth\\edit_user', [...])
 7 SYSTEMPATH\CodeIgniter.php(927): App\Modules\Auth\Controllers\Auth->edit_user(13)
 8 SYSTEMPATH\CodeIgniter.php(482): CodeIgniter\CodeIgniter->runController(Object(App\Modules\Auth\Controllers\Auth))
 9 SYSTEMPATH\CodeIgniter.php(351): CodeIgniter\CodeIgniter->handleRequest(null, Object(Config\Cache), false)
10 FCPATH\index.php(67): CodeIgniter\CodeIgniter->run()
11 SYSTEMPATH\Commands\Server\rewrite.php(46): require_once('FCPATH\\index.php')
CRITICAL - 2022-11-22 13:33:10 --> Call to undefined function autherror()
in APPPATH\Modules\Auth\Views\auth\edit_user.php on line 87.
 1 SYSTEMPATH\View\View.php(213): include()
 2 SYSTEMPATH\View\View.php(216): CodeIgniter\View\View->CodeIgniter\View\{closure}()
 3 SYSTEMPATH\Common.php(1134): CodeIgniter\View\View->render('IonAuth\\Views\\auth\\edit_user', [], true)
 4 APPPATH\Modules\Auth\Controllers\Auth.php(869): view('IonAuth\\Views\\auth\\edit_user', [...])
 5 APPPATH\Modules\Auth\Controllers\Auth.php(738): App\Modules\Auth\Controllers\Auth->renderPage('IonAuth\\Views\\auth\\edit_user', [...])
 6 SYSTEMPATH\CodeIgniter.php(927): App\Modules\Auth\Controllers\Auth->edit_user(13)
 7 SYSTEMPATH\CodeIgniter.php(482): CodeIgniter\CodeIgniter->runController(Object(App\Modules\Auth\Controllers\Auth))
 8 SYSTEMPATH\CodeIgniter.php(351): CodeIgniter\CodeIgniter->handleRequest(null, Object(Config\Cache), false)
 9 FCPATH\index.php(67): CodeIgniter\CodeIgniter->run()
10 SYSTEMPATH\Commands\Server\rewrite.php(46): require_once('FCPATH\\index.php')
CRITICAL - 2022-11-22 13:33:35 --> Invalid file: Modules\Dashboard\Views\_layout.php
in SYSTEMPATH\Exceptions\FrameworkException.php on line 33.
 1 SYSTEMPATH\View\View.php(201): CodeIgniter\Exceptions\FrameworkException::forInvalidFile('Modules\\Dashboard\\Views\\_layout.php')
 2 SYSTEMPATH\View\View.php(229): CodeIgniter\View\View->render('Modules\\Dashboard\\Views\\_layout', [], true)
 3 SYSTEMPATH\Common.php(1134): CodeIgniter\View\View->render('IonAuth\\Views\\auth\\edit_user', [], true)
 4 APPPATH\Modules\Auth\Controllers\Auth.php(869): view('IonAuth\\Views\\auth\\edit_user', [...])
 5 APPPATH\Modules\Auth\Controllers\Auth.php(738): App\Modules\Auth\Controllers\Auth->renderPage('IonAuth\\Views\\auth\\edit_user', [...])
 6 SYSTEMPATH\CodeIgniter.php(927): App\Modules\Auth\Controllers\Auth->edit_user(13)
 7 SYSTEMPATH\CodeIgniter.php(482): CodeIgniter\CodeIgniter->runController(Object(App\Modules\Auth\Controllers\Auth))
 8 SYSTEMPATH\CodeIgniter.php(351): CodeIgniter\CodeIgniter->handleRequest(null, Object(Config\Cache), false)
 9 FCPATH\index.php(67): CodeIgniter\CodeIgniter->run()
10 SYSTEMPATH\Commands\Server\rewrite.php(46): require_once('FCPATH\\index.php')
CRITICAL - 2022-11-22 13:37:28 --> Argument 1 passed to App\Modules\Auth\Models\IonAuthModel::getUsersGroups() must be of the type int, null given, called in C:\Users\Windows\Desktop\new odhie template\app\Modules\Auth\Models\IonAuthModel.php on line 1478
in APPPATH\Modules\Auth\Models\IonAuthModel.php on line 1441.
 1 APPPATH\Modules\Auth\Models\IonAuthModel.php(1478): App\Modules\Auth\Models\IonAuthModel->getUsersGroups(null)
 2 [internal function]: App\Modules\Auth\Models\IonAuthModel->inGroup([...])
 3 APPPATH\Modules\Auth\Libraries\IonAuth.php(101): call_user_func_array([...], [...])
 4 APPPATH\Filters\Admin.php(15): App\Modules\Auth\Libraries\IonAuth->__call('inGroup', [...])
 5 SYSTEMPATH\Filters\Filters.php(173): App\Filters\Admin->before(Object(CodeIgniter\HTTP\IncomingRequest), null)
 6 SYSTEMPATH\CodeIgniter.php(455): CodeIgniter\Filters\Filters->run('auth/edit_user/13', 'before')
 7 SYSTEMPATH\CodeIgniter.php(351): CodeIgniter\CodeIgniter->handleRequest(null, Object(Config\Cache), false)
 8 FCPATH\index.php(67): CodeIgniter\CodeIgniter->run()
 9 SYSTEMPATH\Commands\Server\rewrite.php(46): require_once('FCPATH\\index.php')
CRITICAL - 2022-11-22 13:37:34 --> Argument 1 passed to App\Modules\Auth\Models\IonAuthModel::getUsersGroups() must be of the type int, null given, called in C:\Users\Windows\Desktop\new odhie template\app\Modules\Auth\Models\IonAuthModel.php on line 1478
in APPPATH\Modules\Auth\Models\IonAuthModel.php on line 1441.
 1 APPPATH\Modules\Auth\Models\IonAuthModel.php(1478): App\Modules\Auth\Models\IonAuthModel->getUsersGroups(null)
 2 [internal function]: App\Modules\Auth\Models\IonAuthModel->inGroup([...])
 3 APPPATH\Modules\Auth\Libraries\IonAuth.php(101): call_user_func_array([...], [...])
 4 APPPATH\Filters\Admin.php(15): App\Modules\Auth\Libraries\IonAuth->__call('inGroup', [...])
 5 SYSTEMPATH\Filters\Filters.php(173): App\Filters\Admin->before(Object(CodeIgniter\HTTP\IncomingRequest), null)
 6 SYSTEMPATH\CodeIgniter.php(455): CodeIgniter\Filters\Filters->run('auth', 'before')
 7 SYSTEMPATH\CodeIgniter.php(351): CodeIgniter\CodeIgniter->handleRequest(null, Object(Config\Cache), false)
 8 FCPATH\index.php(67): CodeIgniter\CodeIgniter->run()
 9 SYSTEMPATH\Commands\Server\rewrite.php(46): require_once('FCPATH\\index.php')
CRITICAL - 2022-11-22 13:37:35 --> Argument 1 passed to App\Modules\Auth\Models\IonAuthModel::getUsersGroups() must be of the type int, null given, called in C:\Users\Windows\Desktop\new odhie template\app\Modules\Auth\Models\IonAuthModel.php on line 1478
in APPPATH\Modules\Auth\Models\IonAuthModel.php on line 1441.
 1 APPPATH\Modules\Auth\Models\IonAuthModel.php(1478): App\Modules\Auth\Models\IonAuthModel->getUsersGroups(null)
 2 [internal function]: App\Modules\Auth\Models\IonAuthModel->inGroup([...])
 3 APPPATH\Modules\Auth\Libraries\IonAuth.php(101): call_user_func_array([...], [...])
 4 APPPATH\Filters\Admin.php(15): App\Modules\Auth\Libraries\IonAuth->__call('inGroup', [...])
 5 SYSTEMPATH\Filters\Filters.php(173): App\Filters\Admin->before(Object(CodeIgniter\HTTP\IncomingRequest), null)
 6 SYSTEMPATH\CodeIgniter.php(455): CodeIgniter\Filters\Filters->run('auth/edit_user/13', 'before')
 7 SYSTEMPATH\CodeIgniter.php(351): CodeIgniter\CodeIgniter->handleRequest(null, Object(Config\Cache), false)
 8 FCPATH\index.php(67): CodeIgniter\CodeIgniter->run()
 9 SYSTEMPATH\Commands\Server\rewrite.php(46): require_once('FCPATH\\index.php')
CRITICAL - 2022-11-22 13:37:36 --> Argument 1 passed to App\Modules\Auth\Models\IonAuthModel::getUsersGroups() must be of the type int, null given, called in C:\Users\Windows\Desktop\new odhie template\app\Modules\Auth\Models\IonAuthModel.php on line 1478
in APPPATH\Modules\Auth\Models\IonAuthModel.php on line 1441.
 1 APPPATH\Modules\Auth\Models\IonAuthModel.php(1478): App\Modules\Auth\Models\IonAuthModel->getUsersGroups(null)
 2 [internal function]: App\Modules\Auth\Models\IonAuthModel->inGroup([...])
 3 APPPATH\Modules\Auth\Libraries\IonAuth.php(101): call_user_func_array([...], [...])
 4 APPPATH\Filters\Admin.php(15): App\Modules\Auth\Libraries\IonAuth->__call('inGroup', [...])
 5 SYSTEMPATH\Filters\Filters.php(173): App\Filters\Admin->before(Object(CodeIgniter\HTTP\IncomingRequest), null)
 6 SYSTEMPATH\CodeIgniter.php(455): CodeIgniter\Filters\Filters->run('auth', 'before')
 7 SYSTEMPATH\CodeIgniter.php(351): CodeIgniter\CodeIgniter->handleRequest(null, Object(Config\Cache), false)
 8 FCPATH\index.php(67): CodeIgniter\CodeIgniter->run()
 9 SYSTEMPATH\Commands\Server\rewrite.php(46): require_once('FCPATH\\index.php')
CRITICAL - 2022-11-22 14:21:55 --> Call to undefined function breadcrumb()
in APPPATH\Modules\Auth\Views\auth\create_user.php on line 17.
 1 SYSTEMPATH\View\View.php(213): include()
 2 SYSTEMPATH\View\View.php(216): CodeIgniter\View\View->CodeIgniter\View\{closure}()
 3 SYSTEMPATH\Common.php(1134): CodeIgniter\View\View->render('IonAuth\\Views\\auth\\create_user', [], true)
 4 APPPATH\Modules\Auth\Controllers\Auth.php(869): view('IonAuth\\Views\\auth\\create_user', [...])
 5 APPPATH\Modules\Auth\Controllers\Auth.php(584): App\Modules\Auth\Controllers\Auth->renderPage('IonAuth\\Views\\auth\\create_user', [...])
 6 SYSTEMPATH\CodeIgniter.php(927): App\Modules\Auth\Controllers\Auth->create_user()
 7 SYSTEMPATH\CodeIgniter.php(482): CodeIgniter\CodeIgniter->runController(Object(App\Modules\Auth\Controllers\Auth))
 8 SYSTEMPATH\CodeIgniter.php(351): CodeIgniter\CodeIgniter->handleRequest(null, Object(Config\Cache), false)
 9 FCPATH\index.php(67): CodeIgniter\CodeIgniter->run()
10 SYSTEMPATH\Commands\Server\rewrite.php(46): require_once('FCPATH\\index.php')
CRITICAL - 2022-11-22 14:26:13 --> Invalid file: Modules\Dashboard\Views\_layout.php
in SYSTEMPATH\Exceptions\FrameworkException.php on line 33.
 1 SYSTEMPATH\View\View.php(201): CodeIgniter\Exceptions\FrameworkException::forInvalidFile('Modules\\Dashboard\\Views\\_layout.php')
 2 SYSTEMPATH\View\View.php(229): CodeIgniter\View\View->render('Modules\\Dashboard\\Views\\_layout', [], true)
 3 SYSTEMPATH\Common.php(1134): CodeIgniter\View\View->render('IonAuth\\Views\\auth\\create_user', [], true)
 4 APPPATH\Modules\Auth\Controllers\Auth.php(869): view('IonAuth\\Views\\auth\\create_user', [...])
 5 APPPATH\Modules\Auth\Controllers\Auth.php(584): App\Modules\Auth\Controllers\Auth->renderPage('IonAuth\\Views\\auth\\create_user', [...])
 6 SYSTEMPATH\CodeIgniter.php(927): App\Modules\Auth\Controllers\Auth->create_user()
 7 SYSTEMPATH\CodeIgniter.php(482): CodeIgniter\CodeIgniter->runController(Object(App\Modules\Auth\Controllers\Auth))
 8 SYSTEMPATH\CodeIgniter.php(351): CodeIgniter\CodeIgniter->handleRequest(null, Object(Config\Cache), false)
 9 FCPATH\index.php(67): CodeIgniter\CodeIgniter->run()
10 SYSTEMPATH\Commands\Server\rewrite.php(46): require_once('FCPATH\\index.php')
CRITICAL - 2022-11-22 15:33:39 --> Undefined variable: title
in APPPATH\Modules\Auth\Controllers\Auth.php on line 442.
 1 APPPATH\Modules\Auth\Controllers\Auth.php(442): CodeIgniter\Debug\Exceptions->errorHandler(8, 'Undefined variable: title', 'APPPATH\\Modules\\Auth\\Controllers\\Auth.php', 442, [...])
 2 SYSTEMPATH\CodeIgniter.php(927): App\Modules\Auth\Controllers\Auth->deactivate(13)
 3 SYSTEMPATH\CodeIgniter.php(482): CodeIgniter\CodeIgniter->runController(Object(App\Modules\Auth\Controllers\Auth))
 4 SYSTEMPATH\CodeIgniter.php(351): CodeIgniter\CodeIgniter->handleRequest(null, Object(Config\Cache), false)
 5 FCPATH\index.php(67): CodeIgniter\CodeIgniter->run()
 6 SYSTEMPATH\Commands\Server\rewrite.php(46): require_once('FCPATH\\index.php')
CRITICAL - 2022-11-22 15:35:23 --> Undefined variable: user
in APPPATH\Modules\Auth\Controllers\Auth.php on line 444.
 1 APPPATH\Modules\Auth\Controllers\Auth.php(444): CodeIgniter\Debug\Exceptions->errorHandler(8, 'Undefined variable: user', 'APPPATH\\Modules\\Auth\\Controllers\\Auth.php', 444, [...])
 2 SYSTEMPATH\CodeIgniter.php(927): App\Modules\Auth\Controllers\Auth->deactivate(13)
 3 SYSTEMPATH\CodeIgniter.php(482): CodeIgniter\CodeIgniter->runController(Object(App\Modules\Auth\Controllers\Auth))
 4 SYSTEMPATH\CodeIgniter.php(351): CodeIgniter\CodeIgniter->handleRequest(null, Object(Config\Cache), false)
 5 FCPATH\index.php(67): CodeIgniter\CodeIgniter->run()
 6 SYSTEMPATH\Commands\Server\rewrite.php(46): require_once('FCPATH\\index.php')
CRITICAL - 2022-11-22 15:35:39 --> Undefined index: user
in APPPATH\Modules\Auth\Controllers\Auth.php on line 443.
 1 APPPATH\Modules\Auth\Controllers\Auth.php(443): CodeIgniter\Debug\Exceptions->errorHandler(8, 'Undefined index: user', 'APPPATH\\Modules\\Auth\\Controllers\\Auth.php', 443, [...])
 2 SYSTEMPATH\CodeIgniter.php(927): App\Modules\Auth\Controllers\Auth->deactivate(13)
 3 SYSTEMPATH\CodeIgniter.php(482): CodeIgniter\CodeIgniter->runController(Object(App\Modules\Auth\Controllers\Auth))
 4 SYSTEMPATH\CodeIgniter.php(351): CodeIgniter\CodeIgniter->handleRequest(null, Object(Config\Cache), false)
 5 FCPATH\index.php(67): CodeIgniter\CodeIgniter->run()
 6 SYSTEMPATH\Commands\Server\rewrite.php(46): require_once('FCPATH\\index.php')
CRITICAL - 2022-11-22 15:37:15 --> A non-numeric value encountered
in APPPATH\Modules\Auth\Controllers\Auth.php on line 442.
 1 APPPATH\Modules\Auth\Controllers\Auth.php(442): CodeIgniter\Debug\Exceptions->errorHandler(2, 'A non-numeric value encountered', 'APPPATH\\Modules\\Auth\\Controllers\\Auth.php', 442, [...])
 2 SYSTEMPATH\CodeIgniter.php(927): App\Modules\Auth\Controllers\Auth->deactivate(13)
 3 SYSTEMPATH\CodeIgniter.php(482): CodeIgniter\CodeIgniter->runController(Object(App\Modules\Auth\Controllers\Auth))
 4 SYSTEMPATH\CodeIgniter.php(351): CodeIgniter\CodeIgniter->handleRequest(null, Object(Config\Cache), false)
 5 FCPATH\index.php(67): CodeIgniter\CodeIgniter->run()
 6 SYSTEMPATH\Commands\Server\rewrite.php(46): require_once('FCPATH\\index.php')
CRITICAL - 2022-11-22 15:37:43 --> Undefined variable: last_name
in APPPATH\Modules\Auth\Controllers\Auth.php on line 442.
 1 APPPATH\Modules\Auth\Controllers\Auth.php(442): CodeIgniter\Debug\Exceptions->errorHandler(8, 'Undefined variable: last_name', 'APPPATH\\Modules\\Auth\\Controllers\\Auth.php', 442, [...])
 2 SYSTEMPATH\CodeIgniter.php(927): App\Modules\Auth\Controllers\Auth->deactivate(13)
 3 SYSTEMPATH\CodeIgniter.php(482): CodeIgniter\CodeIgniter->runController(Object(App\Modules\Auth\Controllers\Auth))
 4 SYSTEMPATH\CodeIgniter.php(351): CodeIgniter\CodeIgniter->handleRequest(null, Object(Config\Cache), false)
 5 FCPATH\index.php(67): CodeIgniter\CodeIgniter->run()
 6 SYSTEMPATH\Commands\Server\rewrite.php(46): require_once('FCPATH\\index.php')
CRITICAL - 2022-11-22 16:19:41 --> Undefined variable: ionAuth
in APPPATH\Modules\Auth\Views\auth\create_user.php on line 79.
 1 APPPATH\Modules\Auth\Views\auth\create_user.php(79): CodeIgniter\Debug\Exceptions->errorHandler(8, 'Undefined variable: ionAuth', 'APPPATH\\Modules\\Auth\\Views\\auth\\create_user.php', 79, [...])
 2 SYSTEMPATH\View\View.php(213): include('APPPATH\\Modules\\Auth\\Views\\auth\\create_user.php')
 3 SYSTEMPATH\View\View.php(216): CodeIgniter\View\View->CodeIgniter\View\{closure}()
 4 SYSTEMPATH\Common.php(1134): CodeIgniter\View\View->render('IonAuth\\Views\\auth\\create_user', [], true)
 5 APPPATH\Modules\Auth\Controllers\Auth.php(875): view('IonAuth\\Views\\auth\\create_user', [...])
 6 APPPATH\Modules\Auth\Controllers\Auth.php(590): App\Modules\Auth\Controllers\Auth->renderPage('IonAuth\\Views\\auth\\create_user', [...])
 7 SYSTEMPATH\CodeIgniter.php(927): App\Modules\Auth\Controllers\Auth->create_user()
 8 SYSTEMPATH\CodeIgniter.php(482): CodeIgniter\CodeIgniter->runController(Object(App\Modules\Auth\Controllers\Auth))
 9 SYSTEMPATH\CodeIgniter.php(351): CodeIgniter\CodeIgniter->handleRequest(null, Object(Config\Cache), false)
10 FCPATH\index.php(67): CodeIgniter\CodeIgniter->run()
11 SYSTEMPATH\Commands\Server\rewrite.php(46): require_once('FCPATH\\index.php')
CRITICAL - 2022-11-22 16:20:08 --> Undefined variable: user
in APPPATH\Modules\Auth\Views\auth\create_user.php on line 80.
 1 APPPATH\Modules\Auth\Views\auth\create_user.php(80): CodeIgniter\Debug\Exceptions->errorHandler(8, 'Undefined variable: user', 'APPPATH\\Modules\\Auth\\Views\\auth\\create_user.php', 80, [...])
 2 SYSTEMPATH\View\View.php(213): include('APPPATH\\Modules\\Auth\\Views\\auth\\create_user.php')
 3 SYSTEMPATH\View\View.php(216): CodeIgniter\View\View->CodeIgniter\View\{closure}()
 4 SYSTEMPATH\Common.php(1134): CodeIgniter\View\View->render('IonAuth\\Views\\auth\\create_user', [], true)
 5 APPPATH\Modules\Auth\Controllers\Auth.php(875): view('IonAuth\\Views\\auth\\create_user', [...])
 6 APPPATH\Modules\Auth\Controllers\Auth.php(590): App\Modules\Auth\Controllers\Auth->renderPage('IonAuth\\Views\\auth\\create_user', [...])
 7 SYSTEMPATH\CodeIgniter.php(927): App\Modules\Auth\Controllers\Auth->create_user()
 8 SYSTEMPATH\CodeIgniter.php(482): CodeIgniter\CodeIgniter->runController(Object(App\Modules\Auth\Controllers\Auth))
 9 SYSTEMPATH\CodeIgniter.php(351): CodeIgniter\CodeIgniter->handleRequest(null, Object(Config\Cache), false)
10 FCPATH\index.php(67): CodeIgniter\CodeIgniter->run()
11 SYSTEMPATH\Commands\Server\rewrite.php(46): require_once('FCPATH\\index.php')
CRITICAL - 2022-11-22 16:26:03 --> Undefined variable: users
in APPPATH\Modules\Auth\Views\auth\groups.php on line 23.
 1 APPPATH\Modules\Auth\Views\auth\groups.php(23): CodeIgniter\Debug\Exceptions->errorHandler(8, 'Undefined variable: users', 'APPPATH\\Modules\\Auth\\Views\\auth\\groups.php', 23, [...])
 2 SYSTEMPATH\View\View.php(213): include('APPPATH\\Modules\\Auth\\Views\\auth\\groups.php')
 3 SYSTEMPATH\View\View.php(216): CodeIgniter\View\View->CodeIgniter\View\{closure}()
 4 SYSTEMPATH\Common.php(1134): CodeIgniter\View\View->render('IonAuth\\Views\\auth\\groups', [], true)
 5 APPPATH\Modules\Auth\Controllers\Auth.php(875): view('IonAuth\\Views\\auth\\groups', [...])
 6 APPPATH\Modules\Auth\Controllers\Auth.php(922): App\Modules\Auth\Controllers\Auth->renderPage('IonAuth\\Views\\auth\\groups', [...])
 7 SYSTEMPATH\CodeIgniter.php(927): App\Modules\Auth\Controllers\Auth->groups()
 8 SYSTEMPATH\CodeIgniter.php(482): CodeIgniter\CodeIgniter->runController(Object(App\Modules\Auth\Controllers\Auth))
 9 SYSTEMPATH\CodeIgniter.php(351): CodeIgniter\CodeIgniter->handleRequest(null, Object(Config\Cache), false)
10 FCPATH\index.php(67): CodeIgniter\CodeIgniter->run()
11 SYSTEMPATH\Commands\Server\rewrite.php(46): require_once('FCPATH\\index.php')
CRITICAL - 2022-11-22 16:31:16 --> Undefined variable: mesage
in APPPATH\Modules\Auth\Views\auth\index.php on line 16.
 1 APPPATH\Modules\Auth\Views\auth\index.php(16): CodeIgniter\Debug\Exceptions->errorHandler(8, 'Undefined variable: mesage', 'APPPATH\\Modules\\Auth\\Views\\auth\\index.php', 16, [...])
 2 SYSTEMPATH\View\View.php(213): include('APPPATH\\Modules\\Auth\\Views\\auth\\index.php')
 3 SYSTEMPATH\View\View.php(216): CodeIgniter\View\View->CodeIgniter\View\{closure}()
 4 SYSTEMPATH\Common.php(1134): CodeIgniter\View\View->render('IonAuth\\Views\\auth\\index', [], true)
 5 APPPATH\Modules\Auth\Controllers\Auth.php(875): view('IonAuth\\Views\\auth\\index', [...])
 6 APPPATH\Modules\Auth\Controllers\Auth.php(118): App\Modules\Auth\Controllers\Auth->renderPage('IonAuth\\Views\\auth\\index', [...])
 7 SYSTEMPATH\CodeIgniter.php(927): App\Modules\Auth\Controllers\Auth->index()
 8 SYSTEMPATH\CodeIgniter.php(482): CodeIgniter\CodeIgniter->runController(Object(App\Modules\Auth\Controllers\Auth))
 9 SYSTEMPATH\CodeIgniter.php(351): CodeIgniter\CodeIgniter->handleRequest(null, Object(Config\Cache), false)
10 FCPATH\index.php(67): CodeIgniter\CodeIgniter->run()
11 SYSTEMPATH\Commands\Server\rewrite.php(46): require_once('FCPATH\\index.php')
CRITICAL - 2022-11-22 16:31:23 --> Undefined variable: mesage
in APPPATH\Modules\Auth\Views\auth\index.php on line 16.
 1 APPPATH\Modules\Auth\Views\auth\index.php(16): CodeIgniter\Debug\Exceptions->errorHandler(8, 'Undefined variable: mesage', 'APPPATH\\Modules\\Auth\\Views\\auth\\index.php', 16, [...])
 2 SYSTEMPATH\View\View.php(213): include('APPPATH\\Modules\\Auth\\Views\\auth\\index.php')
 3 SYSTEMPATH\View\View.php(216): CodeIgniter\View\View->CodeIgniter\View\{closure}()
 4 SYSTEMPATH\Common.php(1134): CodeIgniter\View\View->render('IonAuth\\Views\\auth\\index', [], true)
 5 APPPATH\Modules\Auth\Controllers\Auth.php(875): view('IonAuth\\Views\\auth\\index', [...])
 6 APPPATH\Modules\Auth\Controllers\Auth.php(118): App\Modules\Auth\Controllers\Auth->renderPage('IonAuth\\Views\\auth\\index', [...])
 7 SYSTEMPATH\CodeIgniter.php(927): App\Modules\Auth\Controllers\Auth->index()
 8 SYSTEMPATH\CodeIgniter.php(482): CodeIgniter\CodeIgniter->runController(Object(App\Modules\Auth\Controllers\Auth))
 9 SYSTEMPATH\CodeIgniter.php(351): CodeIgniter\CodeIgniter->handleRequest(null, Object(Config\Cache), false)
10 FCPATH\index.php(67): CodeIgniter\CodeIgniter->run()
11 SYSTEMPATH\Commands\Server\rewrite.php(46): require_once('FCPATH\\index.php')
